<?xml version="1.0" encoding="UTF-8"?>
<!-- Generated by org.testng.reporters.JUnitReportReporter -->
<testsuite hostname="DESKTOP-8C2N8MV" name="api.Topic_01_Check_Environment" tests="3" failures="0" timestamp="20 Dec 2020 14:15:15 GMT" time="0.005" errors="0">
  <testcase name="TC_01_Login_With_Incorect_Email" time="0.001" classname="api.Topic_01_Check_Environment"/>
  <testcase name="TC_01_Login_With_Empty_Email" time="0.003" classname="api.Topic_01_Check_Environment"/>
  <testcase name="TC_01_Login_With_Invalid_Email" time="0.001" classname="api.Topic_01_Check_Environment"/>
</testsuite> <!-- api.Topic_01_Check_Environment -->
