<?xml version="1.0" encoding="UTF-8"?>
<!-- Generated by org.testng.reporters.JUnitReportReporter -->
<testsuite hostname="DESKTOP-8C2N8MV" name="api.Topic_02_Xpath_Css_HTML" tests="4" failures="0" timestamp="22 Dec 2020 15:42:59 GMT" time="26.599" errors="0">
  <testcase name="TC_02_Login_with_Invalid_Email" time="4.238" classname="api.Topic_02_Xpath_Css_HTML"/>
  <testcase name="TC_01_Login_Without_infor" time="12.529" classname="api.Topic_02_Xpath_Css_HTML"/>
  <testcase name="TC_03_Login_With_Under_6_character_Password" time="4.056" classname="api.Topic_02_Xpath_Css_HTML"/>
  <testcase name="TC_04_Login_With_Incorrect_Email" time="5.776" classname="api.Topic_02_Xpath_Css_HTML"/>
</testsuite> <!-- api.Topic_02_Xpath_Css_HTML -->
