<?xml version="1.0" encoding="UTF-8"?>
<!-- Generated by org.testng.reporters.JUnitReportReporter -->
<testsuite hostname="DESKTOP-TNP39HQ" name="TestNG" tests="2" failures="0" timestamp="18 Dec 2020 02:54:27 GMT" time="0.010" errors="0">
  <testcase name="TC_01_Login_With_Invalid_Email" time="0.002" classname="TestNG"/>
  <testcase name="TC_01_Login_With_Empty_Email" time="0.008" classname="TestNG"/>
</testsuite> <!-- TestNG -->
